<?xml version="1.0" encoding="UTF-8"?>
<!-- Generated by org.testng.reporters.JUnitReportReporter -->
<testsuite hostname="DESKTOP-6OUMR1L" failures="0" tests="2" name="qaclickaacademy.maven.SeleniumTest" time="0.002" errors="0" timestamp="2021-10-30T13:37:55 IST" skipped="0">
  <testcase classname="qaclickaacademy.maven.SeleniumTest" name="system" time="0.001"/>
  <system-out/>
  <testcase classname="qaclickaacademy.maven.SeleniumTest" name="browser" time="0.001"/>
  <system-out/>
</testsuite> <!-- qaclickaacademy.maven.SeleniumTest -->
