<?xml version="1.0" encoding="UTF-8"?>
<!-- Generated by org.testng.reporters.JUnitReportReporter -->
<testsuite hostname="DESKTOP-6OUMR1L" failures="0" tests="2" name="qaclickaacademy.maven.AppiumTest" time="0.011" errors="0" timestamp="2021-10-30T13:38:08 IST" skipped="0">
  <testcase classname="qaclickaacademy.maven.AppiumTest" name="app" time="0.010"/>
  <system-out/>
  <testcase classname="qaclickaacademy.maven.AppiumTest" name="mobile" time="0.001"/>
  <system-out/>
</testsuite> <!-- qaclickaacademy.maven.AppiumTest -->
