<?xml version="1.0" encoding="UTF-8"?>
<!-- Generated by org.testng.reporters.JUnitReportReporter -->
<testsuite hostname="DESKTOP-6OUMR1L" failures="0" tests="2" name="qaclickaacademy.maven.RESTAPITest" time="0.000" errors="0" timestamp="2021-11-02T12:00:47 IST" skipped="0">
  <testcase classname="qaclickaacademy.maven.RESTAPITest" name="putdata" time="0.000"/>
  <system-out/>
  <testcase classname="qaclickaacademy.maven.RESTAPITest" name="getdata" time="0.000"/>
  <system-out/>
</testsuite> <!-- qaclickaacademy.maven.RESTAPITest -->
